<?xml version="1.0" encoding="UTF-8"?>
<testsuite xmlns:xsi="http://www.w3.org/2001/XMLSchema-instance" xsi:noNamespaceSchemaLocation="https://maven.apache.org/surefire/maven-surefire-plugin/xsd/surefire-test-report.xsd" name="com.itcast.dubbo.AppTest" time="0.04" tests="1" errors="0" skipped="0" failures="0">
  <properties>
    <property name="sun.desktop" value="windows"/>
    <property name="awt.toolkit" value="sun.awt.windows.WToolkit"/>
    <property name="file.encoding.pkg" value="sun.io"/>
    <property name="java.specification.version" value="1.8"/>
    <property name="sun.cpu.isalist" value="amd64"/>
    <property name="sun.jnu.encoding" value="GBK"/>
    <property name="java.class.path" value="D:\chenyingying\workspace\dubbo-server-sample\dubbo-server-api\target\test-classes;D:\chenyingying\workspace\dubbo-server-sample\dubbo-server-api\target\classes;D:\chenyingying\maven\repository\junit\junit\4.11\junit-4.11.jar;D:\chenyingying\maven\repository\org\hamcrest\hamcrest-core\1.3\hamcrest-core-1.3.jar;"/>
    <property name="java.vm.vendor" value="Oracle Corporation"/>
    <property name="sun.arch.data.model" value="64"/>
    <property name="user.variant" value=""/>
    <property name="java.vendor.url" value="http://java.oracle.com/"/>
    <property name="user.timezone" value="GMT+08:00"/>
    <property name="java.vm.specification.version" value="1.8"/>
    <property name="os.name" value="Windows 8.1"/>
    <property name="user.country" value="CN"/>
    <property name="sun.java.launcher" value="SUN_STANDARD"/>
    <property name="sun.boot.library.path" value="C:\jdk\jdk1.8.0_45\jre\bin"/>
    <property name="sun.java.command" value="C:\Users\DOUHAI~1\AppData\Local\Temp\surefire6646119917108659089\surefirebooter6150056375156985569.jar C:\Users\douhailong\AppData\Local\Temp\surefire6646119917108659089 2020-08-16T17-19-50_847-jvmRun1 surefire6740195926733838169tmp surefire_06983937015638596150tmp"/>
    <property name="surefire.test.class.path" value="D:\chenyingying\workspace\dubbo-server-sample\dubbo-server-api\target\test-classes;D:\chenyingying\workspace\dubbo-server-sample\dubbo-server-api\target\classes;D:\chenyingying\maven\repository\junit\junit\4.11\junit-4.11.jar;D:\chenyingying\maven\repository\org\hamcrest\hamcrest-core\1.3\hamcrest-core-1.3.jar;"/>
    <property name="sun.cpu.endian" value="little"/>
    <property name="user.home" value="C:\Users\douhailong"/>
    <property name="user.language" value="zh"/>
    <property name="java.specification.vendor" value="Oracle Corporation"/>
    <property name="java.home" value="C:\jdk\jdk1.8.0_45\jre"/>
    <property name="basedir" value="D:\chenyingying\workspace\dubbo-server-sample\dubbo-server-api"/>
    <property name="file.separator" value="\"/>
    <property name="line.separator" value="&#10;"/>
    <property name="java.vm.specification.vendor" value="Oracle Corporation"/>
    <property name="java.specification.name" value="Java Platform API Specification"/>
    <property name="java.awt.graphicsenv" value="sun.awt.Win32GraphicsEnvironment"/>
    <property name="surefire.real.class.path" value="C:\Users\DOUHAI~1\AppData\Local\Temp\surefire6646119917108659089\surefirebooter6150056375156985569.jar"/>
    <property name="sun.boot.class.path" value="C:\jdk\jdk1.8.0_45\jre\lib\resources.jar;C:\jdk\jdk1.8.0_45\jre\lib\rt.jar;C:\jdk\jdk1.8.0_45\jre\lib\sunrsasign.jar;C:\jdk\jdk1.8.0_45\jre\lib\jsse.jar;C:\jdk\jdk1.8.0_45\jre\lib\jce.jar;C:\jdk\jdk1.8.0_45\jre\lib\charsets.jar;C:\jdk\jdk1.8.0_45\jre\lib\jfr.jar;C:\jdk\jdk1.8.0_45\jre\classes"/>
    <property name="user.script" value=""/>
    <property name="sun.management.compiler" value="HotSpot 64-Bit Tiered Compilers"/>
    <property name="java.runtime.version" value="1.8.0_45-b14"/>
    <property name="user.name" value="douhailong"/>
    <property name="path.separator" value=";"/>
    <property name="os.version" value="6.3"/>
    <property name="java.endorsed.dirs" value="C:\jdk\jdk1.8.0_45\jre\lib\endorsed"/>
    <property name="java.runtime.name" value="Java(TM) SE Runtime Environment"/>
    <property name="file.encoding" value="GBK"/>
    <property name="java.vm.name" value="Java HotSpot(TM) 64-Bit Server VM"/>
    <property name="localRepository" value="D:\chenyingying\maven\repository"/>
    <property name="java.vendor.url.bug" value="http://bugreport.sun.com/bugreport/"/>
    <property name="java.io.tmpdir" value="C:\Users\DOUHAI~1\AppData\Local\Temp\"/>
    <property name="java.version" value="1.8.0_45"/>
    <property name="user.dir" value="D:\chenyingying\workspace\dubbo-server-sample\dubbo-server-api"/>
    <property name="os.arch" value="amd64"/>
    <property name="java.vm.specification.name" value="Java Virtual Machine Specification"/>
    <property name="java.awt.printerjob" value="sun.awt.windows.WPrinterJob"/>
    <property name="sun.os.patch.level" value=""/>
    <property name="idea.version2019.1.1" value="true"/>
    <property name="java.library.path" value="C:\jdk\jdk1.8.0_45\jre\bin;C:\WINDOWS\Sun\Java\bin;C:\WINDOWS\system32;C:\WINDOWS;C:\windows\system32;C:\windows;C:\windows\System32\Wbem;C:\windows\System32\WindowsPowerShell\v1.0\;C:\windows\System32\OpenSSH\;C:\Program Files (x86)\NVIDIA Corporation\PhysX\Common;C:\jdk\jdk1.8.0_45\bin;D:\software\java\apache-maven-3.3.9\bin;D:\software\TortoiseSVN\bin;D:\chenyingying\soft\Git\cmd;C:\Program Files\Intel\WiFi\bin\;C:\Program Files\Common Files\Intel\WirelessCommon\;C:\WINDOWS\system32;C:\WINDOWS;C:\WINDOWS\System32\Wbem;C:\WINDOWS\System32\WindowsPowerShell\v1.0\;C:\WINDOWS\System32\OpenSSH\;C:\Users\douhailong\AppData\Local\Microsoft\WindowsApps;D:\chenyingying\code\gradle-4.0\bin;;."/>
    <property name="java.vm.info" value="mixed mode"/>
    <property name="java.vendor" value="Oracle Corporation"/>
    <property name="java.vm.version" value="25.45-b02"/>
    <property name="java.ext.dirs" value="C:\jdk\jdk1.8.0_45\jre\lib\ext;C:\WINDOWS\Sun\Java\lib\ext"/>
    <property name="sun.io.unicode.encoding" value="UnicodeLittle"/>
    <property name="java.class.version" value="52.0"/>
  </properties>
  <testcase name="shouldAnswerWithTrue" classname="com.itcast.dubbo.AppTest" time="0.001"/>
</testsuite>